[PEDIDOS_COMPRA][GENERAR_ALBARAN_PEDIDO] ERROR {
  message: 'No hay unidades pendientes de albaranar en este pedido.',
  code: undefined,
  name: 'Error',
  stack: 'Error: No hay unidades pendientes de albaranar en este pedido.\n' +
    '    at C:\\Users\\ignaciop\\Desktop\\sga3\\Servicio-de-Gestion-de-Almacenes-master\\backend\\routes\\pedidosCompra.js:1435:13\n' +
    '    at process.processTicksAndRejections (node:internal/process/task_queues:103:5)',
  codigoEmpresa: 9999,
  ejercicio: '2026',
  serie: '0',
  numero: '106'
}
[PEDIDOS_COMPRA][GENERAR_ALBARAN_PROVEEDOR] ERROR {
  message: 'No hay unidades pendientes de albaranar para generar un nuevo albarán. Todas las unidades recibidas ya han sido albaranadas en albaranes anteriores.',
  code: undefined,
  name: 'Error',
  stack: 'Error: No hay unidades pendientes de albaranar para generar un nuevo albarán. Todas las unidades recibidas ya han sido albaranadas en albaranes anteriores.\n' +
    '    at C:\\Users\\ignaciop\\Desktop\\sga3\\Servicio-de-Gestion-de-Almacenes-master\\backend\\routes\\pedidosCompra.js:2133:13\n' +
    '    at process.processTicksAndRejections (node:internal/process/task_queues:103:5)',
  codigoEmpresa: 9999,
  codigoProveedor: '5002',
  pedidos: [ { ejercicio: 2026, serie: '0', numero: 106 } ]
}
