TransactionError: Can't rollback transaction. There is a request in progress.
    at Transaction._rollback (C:\Users\ignaciop\Desktop\sga3\Servicio-de-Gestion-de-Almacenes-master\backend\node_modules\mssql\lib\base\transaction.js:249:37)
    at Transaction._rollback (C:\Users\ignaciop\Desktop\sga3\Servicio-de-Gestion-de-Almacenes-master\backend\node_modules\mssql\lib\tedious\transaction.js:77:11)
    at C:\Users\ignaciop\Desktop\sga3\Servicio-de-Gestion-de-Almacenes-master\backend\node_modules\mssql\lib\base\transaction.js:225:19
    at new Promise (<anonymous>)
    at Transaction.rollback (C:\Users\ignaciop\Desktop\sga3\Servicio-de-Gestion-de-Almacenes-master\backend\node_modules\mssql\lib\base\transaction.js:224:12)
    at C:\Users\ignaciop\Desktop\sga3\Servicio-de-Gestion-de-Almacenes-master\backend\routes\pedidosCompra.js:2295:23
TransactionError: Can't rollback transaction. There is a request in progress.
    at Transaction._rollback (C:\Users\ignaciop\Desktop\sga3\Servicio-de-Gestion-de-Almacenes-master\backend\node_modules\mssql\lib\base\transaction.js:249:37)
    at Transaction._rollback (C:\Users\ignaciop\Desktop\sga3\Servicio-de-Gestion-de-Almacenes-master\backend\node_modules\mssql\lib\tedious\transaction.js:77:11)
    at C:\Users\ignaciop\Desktop\sga3\Servicio-de-Gestion-de-Almacenes-master\backend\node_modules\mssql\lib\base\transaction.js:225:19
    at new Promise (<anonymous>)
    at Transaction.rollback (C:\Users\ignaciop\Desktop\sga3\Servicio-de-Gestion-de-Almacenes-master\backend\node_modules\mssql\lib\base\transaction.js:224:12)
    at C:\Users\ignaciop\Desktop\sga3\Servicio-de-Gestion-de-Almacenes-master\backend\routes\pedidosCompra.js:1653:23
TransactionError: Can't rollback transaction. There is a request in progress.
    at Transaction._rollback (C:\Users\ignaciop\Desktop\sga3\Servicio-de-Gestion-de-Almacenes-master\backend\node_modules\mssql\lib\base\transaction.js:249:37)
    at Transaction._rollback (C:\Users\ignaciop\Desktop\sga3\Servicio-de-Gestion-de-Almacenes-master\backend\node_modules\mssql\lib\tedious\transaction.js:77:11)
    at C:\Users\ignaciop\Desktop\sga3\Servicio-de-Gestion-de-Almacenes-master\backend\node_modules\mssql\lib\base\transaction.js:225:19
    at new Promise (<anonymous>)
    at Transaction.rollback (C:\Users\ignaciop\Desktop\sga3\Servicio-de-Gestion-de-Almacenes-master\backend\node_modules\mssql\lib\base\transaction.js:224:12)
    at C:\Users\ignaciop\Desktop\sga3\Servicio-de-Gestion-de-Almacenes-master\backend\routes\pedidosCompra.js:2295:23
TransactionError: Can't rollback transaction. There is a request in progress.
    at Transaction._rollback (C:\Users\ignaciop\Desktop\sga3\Servicio-de-Gestion-de-Almacenes-master\backend\node_modules\mssql\lib\base\transaction.js:249:37)
    at Transaction._rollback (C:\Users\ignaciop\Desktop\sga3\Servicio-de-Gestion-de-Almacenes-master\backend\node_modules\mssql\lib\tedious\transaction.js:77:11)
    at C:\Users\ignaciop\Desktop\sga3\Servicio-de-Gestion-de-Almacenes-master\backend\node_modules\mssql\lib\base\transaction.js:225:19
    at new Promise (<anonymous>)
    at Transaction.rollback (C:\Users\ignaciop\Desktop\sga3\Servicio-de-Gestion-de-Almacenes-master\backend\node_modules\mssql\lib\base\transaction.js:224:12)
    at C:\Users\ignaciop\Desktop\sga3\Servicio-de-Gestion-de-Almacenes-master\backend\routes\pedidosCompra.js:2295:23
TransactionError: Can't rollback transaction. There is a request in progress.
    at Transaction._rollback (C:\Users\ignaciop\Desktop\sga3\Servicio-de-Gestion-de-Almacenes-master\backend\node_modules\mssql\lib\base\transaction.js:249:37)
    at Transaction._rollback (C:\Users\ignaciop\Desktop\sga3\Servicio-de-Gestion-de-Almacenes-master\backend\node_modules\mssql\lib\tedious\transaction.js:77:11)
    at C:\Users\ignaciop\Desktop\sga3\Servicio-de-Gestion-de-Almacenes-master\backend\node_modules\mssql\lib\base\transaction.js:225:19
    at new Promise (<anonymous>)
    at Transaction.rollback (C:\Users\ignaciop\Desktop\sga3\Servicio-de-Gestion-de-Almacenes-master\backend\node_modules\mssql\lib\base\transaction.js:224:12)
    at C:\Users\ignaciop\Desktop\sga3\Servicio-de-Gestion-de-Almacenes-master\backend\routes\pedidosCompra.js:1653:23
TransactionError: Can't rollback transaction. There is a request in progress.
    at Transaction._rollback (C:\Users\ignaciop\Desktop\sga3\Servicio-de-Gestion-de-Almacenes-master\backend\node_modules\mssql\lib\base\transaction.js:249:37)
    at Transaction._rollback (C:\Users\ignaciop\Desktop\sga3\Servicio-de-Gestion-de-Almacenes-master\backend\node_modules\mssql\lib\tedious\transaction.js:77:11)
    at C:\Users\ignaciop\Desktop\sga3\Servicio-de-Gestion-de-Almacenes-master\backend\node_modules\mssql\lib\base\transaction.js:225:19
    at new Promise (<anonymous>)
    at Transaction.rollback (C:\Users\ignaciop\Desktop\sga3\Servicio-de-Gestion-de-Almacenes-master\backend\node_modules\mssql\lib\base\transaction.js:224:12)
    at C:\Users\ignaciop\Desktop\sga3\Servicio-de-Gestion-de-Almacenes-master\backend\routes\pedidosCompra.js:2295:23
TransactionError: Can't rollback transaction. There is a request in progress.
    at Transaction._rollback (C:\Users\ignaciop\Desktop\sga3\Servicio-de-Gestion-de-Almacenes-master\backend\node_modules\mssql\lib\base\transaction.js:249:37)
    at Transaction._rollback (C:\Users\ignaciop\Desktop\sga3\Servicio-de-Gestion-de-Almacenes-master\backend\node_modules\mssql\lib\tedious\transaction.js:77:11)
    at C:\Users\ignaciop\Desktop\sga3\Servicio-de-Gestion-de-Almacenes-master\backend\node_modules\mssql\lib\base\transaction.js:225:19
    at new Promise (<anonymous>)
    at Transaction.rollback (C:\Users\ignaciop\Desktop\sga3\Servicio-de-Gestion-de-Almacenes-master\backend\node_modules\mssql\lib\base\transaction.js:224:12)
    at C:\Users\ignaciop\Desktop\sga3\Servicio-de-Gestion-de-Almacenes-master\backend\routes\pedidosCompra.js:2295:23
SyntaxError: Expected property name or '}' in JSON at position 1 (line 1 column 2)
    at JSON.parse (<anonymous>)
    at parse (C:\Users\ignaciop\Desktop\sga3\Servicio-de-Gestion-de-Almacenes-master\backend\node_modules\body-parser\lib\types\json.js:77:19)
    at C:\Users\ignaciop\Desktop\sga3\Servicio-de-Gestion-de-Almacenes-master\backend\node_modules\body-parser\lib\read.js:123:18
    at AsyncResource.runInAsyncScope (node:async_hooks:214:14)
    at invokeCallback (C:\Users\ignaciop\Desktop\sga3\Servicio-de-Gestion-de-Almacenes-master\backend\node_modules\raw-body\index.js:238:16)
    at done (C:\Users\ignaciop\Desktop\sga3\Servicio-de-Gestion-de-Almacenes-master\backend\node_modules\raw-body\index.js:227:7)
    at IncomingMessage.onEnd (C:\Users\ignaciop\Desktop\sga3\Servicio-de-Gestion-de-Almacenes-master\backend\node_modules\raw-body\index.js:287:7)
    at IncomingMessage.emit (node:events:508:28)
    at endReadableNT (node:internal/streams/readable:1701:12)
    at process.processTicksAndRejections (node:internal/process/task_queues:89:21)
SyntaxError: Expected property name or '}' in JSON at position 1 (line 1 column 2)
    at JSON.parse (<anonymous>)
    at parse (C:\Users\ignaciop\Desktop\sga3\Servicio-de-Gestion-de-Almacenes-master\backend\node_modules\body-parser\lib\types\json.js:77:19)
    at C:\Users\ignaciop\Desktop\sga3\Servicio-de-Gestion-de-Almacenes-master\backend\node_modules\body-parser\lib\read.js:123:18
    at AsyncResource.runInAsyncScope (node:async_hooks:214:14)
    at invokeCallback (C:\Users\ignaciop\Desktop\sga3\Servicio-de-Gestion-de-Almacenes-master\backend\node_modules\raw-body\index.js:238:16)
    at done (C:\Users\ignaciop\Desktop\sga3\Servicio-de-Gestion-de-Almacenes-master\backend\node_modules\raw-body\index.js:227:7)
    at IncomingMessage.onEnd (C:\Users\ignaciop\Desktop\sga3\Servicio-de-Gestion-de-Almacenes-master\backend\node_modules\raw-body\index.js:287:7)
    at IncomingMessage.emit (node:events:508:28)
    at endReadableNT (node:internal/streams/readable:1701:12)
    at process.processTicksAndRejections (node:internal/process/task_queues:89:21)
TransactionError: Can't rollback transaction. There is a request in progress.
    at Transaction._rollback (C:\Users\ignaciop\Desktop\sga3\Servicio-de-Gestion-de-Almacenes-master\backend\node_modules\mssql\lib\base\transaction.js:249:37)
    at Transaction._rollback (C:\Users\ignaciop\Desktop\sga3\Servicio-de-Gestion-de-Almacenes-master\backend\node_modules\mssql\lib\tedious\transaction.js:77:11)
    at C:\Users\ignaciop\Desktop\sga3\Servicio-de-Gestion-de-Almacenes-master\backend\node_modules\mssql\lib\base\transaction.js:225:19
    at new Promise (<anonymous>)
    at Transaction.rollback (C:\Users\ignaciop\Desktop\sga3\Servicio-de-Gestion-de-Almacenes-master\backend\node_modules\mssql\lib\base\transaction.js:224:12)
    at C:\Users\ignaciop\Desktop\sga3\Servicio-de-Gestion-de-Almacenes-master\backend\routes\pedidosCompra.js:2295:23
TransactionError: Can't rollback transaction. There is a request in progress.
    at Transaction._rollback (C:\Users\ignaciop\Desktop\sga3\Servicio-de-Gestion-de-Almacenes-master\backend\node_modules\mssql\lib\base\transaction.js:249:37)
    at Transaction._rollback (C:\Users\ignaciop\Desktop\sga3\Servicio-de-Gestion-de-Almacenes-master\backend\node_modules\mssql\lib\tedious\transaction.js:77:11)
    at C:\Users\ignaciop\Desktop\sga3\Servicio-de-Gestion-de-Almacenes-master\backend\node_modules\mssql\lib\base\transaction.js:225:19
    at new Promise (<anonymous>)
    at Transaction.rollback (C:\Users\ignaciop\Desktop\sga3\Servicio-de-Gestion-de-Almacenes-master\backend\node_modules\mssql\lib\base\transaction.js:224:12)
    at C:\Users\ignaciop\Desktop\sga3\Servicio-de-Gestion-de-Almacenes-master\backend\routes\pedidosCompra.js:1653:23
TransactionError: Can't rollback transaction. There is a request in progress.
    at Transaction._rollback (C:\Users\ignaciop\Desktop\sga3\Servicio-de-Gestion-de-Almacenes-master\backend\node_modules\mssql\lib\base\transaction.js:249:37)
    at Transaction._rollback (C:\Users\ignaciop\Desktop\sga3\Servicio-de-Gestion-de-Almacenes-master\backend\node_modules\mssql\lib\tedious\transaction.js:77:11)
    at C:\Users\ignaciop\Desktop\sga3\Servicio-de-Gestion-de-Almacenes-master\backend\node_modules\mssql\lib\base\transaction.js:225:19
    at new Promise (<anonymous>)
    at Transaction.rollback (C:\Users\ignaciop\Desktop\sga3\Servicio-de-Gestion-de-Almacenes-master\backend\node_modules\mssql\lib\base\transaction.js:224:12)
    at C:\Users\ignaciop\Desktop\sga3\Servicio-de-Gestion-de-Almacenes-master\backend\routes\pedidosCompra.js:2295:23
TransactionError: Transaction has not begun. Call begin() first.
    at Transaction._rollback (C:\Users\ignaciop\Desktop\sga3\Servicio-de-Gestion-de-Almacenes-master\backend\node_modules\mssql\lib\base\transaction.js:245:37)
    at Transaction._rollback (C:\Users\ignaciop\Desktop\sga3\Servicio-de-Gestion-de-Almacenes-master\backend\node_modules\mssql\lib\tedious\transaction.js:77:11)
    at C:\Users\ignaciop\Desktop\sga3\Servicio-de-Gestion-de-Almacenes-master\backend\node_modules\mssql\lib\base\transaction.js:225:19
    at new Promise (<anonymous>)
    at Transaction.rollback (C:\Users\ignaciop\Desktop\sga3\Servicio-de-Gestion-de-Almacenes-master\backend\node_modules\mssql\lib\base\transaction.js:224:12)
    at C:\Users\ignaciop\Desktop\sga3\Servicio-de-Gestion-de-Almacenes-master\backend\routes\pedidosCompra.js:2295:23
TransactionError: Transaction has not begun. Call begin() first.
    at Transaction._rollback (C:\Users\ignaciop\Desktop\sga3\Servicio-de-Gestion-de-Almacenes-master\backend\node_modules\mssql\lib\base\transaction.js:245:37)
    at Transaction._rollback (C:\Users\ignaciop\Desktop\sga3\Servicio-de-Gestion-de-Almacenes-master\backend\node_modules\mssql\lib\tedious\transaction.js:77:11)
    at C:\Users\ignaciop\Desktop\sga3\Servicio-de-Gestion-de-Almacenes-master\backend\node_modules\mssql\lib\base\transaction.js:225:19
    at new Promise (<anonymous>)
    at Transaction.rollback (C:\Users\ignaciop\Desktop\sga3\Servicio-de-Gestion-de-Almacenes-master\backend\node_modules\mssql\lib\base\transaction.js:224:12)
    at C:\Users\ignaciop\Desktop\sga3\Servicio-de-Gestion-de-Almacenes-master\backend\routes\pedidosCompra.js:2295:23
TransactionError: Transaction has not begun. Call begin() first.
    at Transaction._rollback (C:\Users\ignaciop\Desktop\sga3\Servicio-de-Gestion-de-Almacenes-master\backend\node_modules\mssql\lib\base\transaction.js:245:37)
    at Transaction._rollback (C:\Users\ignaciop\Desktop\sga3\Servicio-de-Gestion-de-Almacenes-master\backend\node_modules\mssql\lib\tedious\transaction.js:77:11)
    at C:\Users\ignaciop\Desktop\sga3\Servicio-de-Gestion-de-Almacenes-master\backend\node_modules\mssql\lib\base\transaction.js:225:19
    at new Promise (<anonymous>)
    at Transaction.rollback (C:\Users\ignaciop\Desktop\sga3\Servicio-de-Gestion-de-Almacenes-master\backend\node_modules\mssql\lib\base\transaction.js:224:12)
    at C:\Users\ignaciop\Desktop\sga3\Servicio-de-Gestion-de-Almacenes-master\backend\routes\pedidosCompra.js:1653:23
[ERROR ALMACENES PEDIDOS COMPRA] TimeoutError: operation timed out for an unknown reason
    at C:\Users\ignaciop\Desktop\sga3\Servicio-de-Gestion-de-Almacenes-master\backend\node_modules\tarn\dist\PendingOperation.js:17:27
[ERROR PEDIDOS COMPRA] TimeoutError: operation timed out for an unknown reason
    at C:\Users\ignaciop\Desktop\sga3\Servicio-de-Gestion-de-Almacenes-master\backend\node_modules\tarn\dist\PendingOperation.js:17:27
[ERROR EMPRESAS] TimeoutError: operation timed out for an unknown reason
    at C:\Users\ignaciop\Desktop\sga3\Servicio-de-Gestion-de-Almacenes-master\backend\node_modules\tarn\dist\PendingOperation.js:17:27
[ERROR PEDIDOS COMPRA] TimeoutError: operation timed out for an unknown reason
    at C:\Users\ignaciop\Desktop\sga3\Servicio-de-Gestion-de-Almacenes-master\backend\node_modules\tarn\dist\PendingOperation.js:17:27
[ERROR EMPRESAS] TimeoutError: operation timed out for an unknown reason
    at C:\Users\ignaciop\Desktop\sga3\Servicio-de-Gestion-de-Almacenes-master\backend\node_modules\tarn\dist\PendingOperation.js:17:27
[ERROR PEDIDOS PENDIENTES] TimeoutError: operation timed out for an unknown reason
    at C:\Users\ignaciop\Desktop\sga3\Servicio-de-Gestion-de-Almacenes-master\backend\node_modules\tarn\dist\PendingOperation.js:17:27
[ERROR OBTENER PREPARADORES] TimeoutError: operation timed out for an unknown reason
    at C:\Users\ignaciop\Desktop\sga3\Servicio-de-Gestion-de-Almacenes-master\backend\node_modules\tarn\dist\PendingOperation.js:17:27
[ERROR ALBARANES ASIGNACION] TimeoutError: operation timed out for an unknown reason
    at C:\Users\ignaciop\Desktop\sga3\Servicio-de-Gestion-de-Almacenes-master\backend\node_modules\tarn\dist\PendingOperation.js:17:27
    at runNextTicks (node:internal/process/task_queues:64:5)
    at listOnTimeout (node:internal/timers:567:9)
    at process.processTimers (node:internal/timers:541:7)
[ERROR OBTENER REPARTIDORES] TimeoutError: operation timed out for an unknown reason
    at C:\Users\ignaciop\Desktop\sga3\Servicio-de-Gestion-de-Almacenes-master\backend\node_modules\tarn\dist\PendingOperation.js:17:27
[ERROR PEDIDOS PENDIENTES] TimeoutError: operation timed out for an unknown reason
    at C:\Users\ignaciop\Desktop\sga3\Servicio-de-Gestion-de-Almacenes-master\backend\node_modules\tarn\dist\PendingOperation.js:17:27
[ERROR OBTENER PREPARADORES] TimeoutError: operation timed out for an unknown reason
    at C:\Users\ignaciop\Desktop\sga3\Servicio-de-Gestion-de-Almacenes-master\backend\node_modules\tarn\dist\PendingOperation.js:17:27
[ERROR ALBARANES ASIGNACION] TimeoutError: operation timed out for an unknown reason
    at C:\Users\ignaciop\Desktop\sga3\Servicio-de-Gestion-de-Almacenes-master\backend\node_modules\tarn\dist\PendingOperation.js:17:27
[ERROR OBTENER REPARTIDORES] TimeoutError: operation timed out for an unknown reason
    at C:\Users\ignaciop\Desktop\sga3\Servicio-de-Gestion-de-Almacenes-master\backend\node_modules\tarn\dist\PendingOperation.js:17:27
CORS blocked: http://localhost:3010
CORS blocked: http://localhost:3010
Error: Origen http://localhost:3010 no permitido por CORS
    at origin (C:\Users\ignaciop\Desktop\sga3\Servicio-de-Gestion-de-Almacenes-master\backend\middlewares\cors.js:13:25)
    at C:\Users\ignaciop\Desktop\sga3\Servicio-de-Gestion-de-Almacenes-master\backend\node_modules\cors\lib\index.js:219:13
    at optionsCallback (C:\Users\ignaciop\Desktop\sga3\Servicio-de-Gestion-de-Almacenes-master\backend\node_modules\cors\lib\index.js:199:9)
    at corsMiddleware (C:\Users\ignaciop\Desktop\sga3\Servicio-de-Gestion-de-Almacenes-master\backend\node_modules\cors\lib\index.js:204:7)
    at Layer.handleRequest (C:\Users\ignaciop\Desktop\sga3\Servicio-de-Gestion-de-Almacenes-master\backend\node_modules\router\lib\layer.js:152:17)
    at trimPrefix (C:\Users\ignaciop\Desktop\sga3\Servicio-de-Gestion-de-Almacenes-master\backend\node_modules\router\index.js:342:13)
    at C:\Users\ignaciop\Desktop\sga3\Servicio-de-Gestion-de-Almacenes-master\backend\node_modules\router\index.js:297:9
    at processParams (C:\Users\ignaciop\Desktop\sga3\Servicio-de-Gestion-de-Almacenes-master\backend\node_modules\router\index.js:582:12)
    at next (C:\Users\ignaciop\Desktop\sga3\Servicio-de-Gestion-de-Almacenes-master\backend\node_modules\router\index.js:291:5)
    at router.handle (C:\Users\ignaciop\Desktop\sga3\Servicio-de-Gestion-de-Almacenes-master\backend\node_modules\router\index.js:186:3)
Error: Origen http://localhost:3010 no permitido por CORS
    at origin (C:\Users\ignaciop\Desktop\sga3\Servicio-de-Gestion-de-Almacenes-master\backend\middlewares\cors.js:13:25)
    at C:\Users\ignaciop\Desktop\sga3\Servicio-de-Gestion-de-Almacenes-master\backend\node_modules\cors\lib\index.js:219:13
    at optionsCallback (C:\Users\ignaciop\Desktop\sga3\Servicio-de-Gestion-de-Almacenes-master\backend\node_modules\cors\lib\index.js:199:9)
    at corsMiddleware (C:\Users\ignaciop\Desktop\sga3\Servicio-de-Gestion-de-Almacenes-master\backend\node_modules\cors\lib\index.js:204:7)
    at Layer.handleRequest (C:\Users\ignaciop\Desktop\sga3\Servicio-de-Gestion-de-Almacenes-master\backend\node_modules\router\lib\layer.js:152:17)
    at trimPrefix (C:\Users\ignaciop\Desktop\sga3\Servicio-de-Gestion-de-Almacenes-master\backend\node_modules\router\index.js:342:13)
    at C:\Users\ignaciop\Desktop\sga3\Servicio-de-Gestion-de-Almacenes-master\backend\node_modules\router\index.js:297:9
    at processParams (C:\Users\ignaciop\Desktop\sga3\Servicio-de-Gestion-de-Almacenes-master\backend\node_modules\router\index.js:582:12)
    at next (C:\Users\ignaciop\Desktop\sga3\Servicio-de-Gestion-de-Almacenes-master\backend\node_modules\router\index.js:291:5)
    at router.handle (C:\Users\ignaciop\Desktop\sga3\Servicio-de-Gestion-de-Almacenes-master\backend\node_modules\router\index.js:186:3)
Faltan cabeceras de autenticacion: {
  path: '/.well-known/appspecific/com.chrome.devtools.json',
  method: 'GET',
  origin: undefined
}
Faltan cabeceras de autenticacion: {
  path: '/.well-known/appspecific/com.chrome.devtools.json',
  method: 'GET',
  origin: undefined
}
CORS blocked: http://localhost:3010
Error: Origen http://localhost:3010 no permitido por CORS
    at origin (C:\Users\ignaciop\Desktop\sga3\Servicio-de-Gestion-de-Almacenes-master\backend\middlewares\cors.js:13:25)
    at C:\Users\ignaciop\Desktop\sga3\Servicio-de-Gestion-de-Almacenes-master\backend\node_modules\cors\lib\index.js:219:13
    at optionsCallback (C:\Users\ignaciop\Desktop\sga3\Servicio-de-Gestion-de-Almacenes-master\backend\node_modules\cors\lib\index.js:199:9)
    at corsMiddleware (C:\Users\ignaciop\Desktop\sga3\Servicio-de-Gestion-de-Almacenes-master\backend\node_modules\cors\lib\index.js:204:7)
    at Layer.handleRequest (C:\Users\ignaciop\Desktop\sga3\Servicio-de-Gestion-de-Almacenes-master\backend\node_modules\router\lib\layer.js:152:17)
    at trimPrefix (C:\Users\ignaciop\Desktop\sga3\Servicio-de-Gestion-de-Almacenes-master\backend\node_modules\router\index.js:342:13)
    at C:\Users\ignaciop\Desktop\sga3\Servicio-de-Gestion-de-Almacenes-master\backend\node_modules\router\index.js:297:9
    at processParams (C:\Users\ignaciop\Desktop\sga3\Servicio-de-Gestion-de-Almacenes-master\backend\node_modules\router\index.js:582:12)
    at next (C:\Users\ignaciop\Desktop\sga3\Servicio-de-Gestion-de-Almacenes-master\backend\node_modules\router\index.js:291:5)
    at router.handle (C:\Users\ignaciop\Desktop\sga3\Servicio-de-Gestion-de-Almacenes-master\backend\node_modules\router\index.js:186:3)
CORS blocked: http://localhost:3010
Error: Origen http://localhost:3010 no permitido por CORS
    at origin (C:\Users\ignaciop\Desktop\sga3\Servicio-de-Gestion-de-Almacenes-master\backend\middlewares\cors.js:13:25)
    at C:\Users\ignaciop\Desktop\sga3\Servicio-de-Gestion-de-Almacenes-master\backend\node_modules\cors\lib\index.js:219:13
    at optionsCallback (C:\Users\ignaciop\Desktop\sga3\Servicio-de-Gestion-de-Almacenes-master\backend\node_modules\cors\lib\index.js:199:9)
    at corsMiddleware (C:\Users\ignaciop\Desktop\sga3\Servicio-de-Gestion-de-Almacenes-master\backend\node_modules\cors\lib\index.js:204:7)
    at Layer.handleRequest (C:\Users\ignaciop\Desktop\sga3\Servicio-de-Gestion-de-Almacenes-master\backend\node_modules\router\lib\layer.js:152:17)
    at trimPrefix (C:\Users\ignaciop\Desktop\sga3\Servicio-de-Gestion-de-Almacenes-master\backend\node_modules\router\index.js:342:13)
    at C:\Users\ignaciop\Desktop\sga3\Servicio-de-Gestion-de-Almacenes-master\backend\node_modules\router\index.js:297:9
    at processParams (C:\Users\ignaciop\Desktop\sga3\Servicio-de-Gestion-de-Almacenes-master\backend\node_modules\router\index.js:582:12)
    at next (C:\Users\ignaciop\Desktop\sga3\Servicio-de-Gestion-de-Almacenes-master\backend\node_modules\router\index.js:291:5)
    at router.handle (C:\Users\ignaciop\Desktop\sga3\Servicio-de-Gestion-de-Almacenes-master\backend\node_modules\router\index.js:186:3)
Faltan cabeceras de autenticacion: {
  path: '/.well-known/appspecific/com.chrome.devtools.json',
  method: 'GET',
  origin: undefined
}
CORS blocked: http://localhost:3010
CORS blocked: http://localhost:3010
Error: Origen http://localhost:3010 no permitido por CORS
    at origin (C:\Users\ignaciop\Desktop\sga3\Servicio-de-Gestion-de-Almacenes-master\backend\middlewares\cors.js:13:25)
    at C:\Users\ignaciop\Desktop\sga3\Servicio-de-Gestion-de-Almacenes-master\backend\node_modules\cors\lib\index.js:219:13
    at optionsCallback (C:\Users\ignaciop\Desktop\sga3\Servicio-de-Gestion-de-Almacenes-master\backend\node_modules\cors\lib\index.js:199:9)
    at corsMiddleware (C:\Users\ignaciop\Desktop\sga3\Servicio-de-Gestion-de-Almacenes-master\backend\node_modules\cors\lib\index.js:204:7)
    at Layer.handleRequest (C:\Users\ignaciop\Desktop\sga3\Servicio-de-Gestion-de-Almacenes-master\backend\node_modules\router\lib\layer.js:152:17)
    at trimPrefix (C:\Users\ignaciop\Desktop\sga3\Servicio-de-Gestion-de-Almacenes-master\backend\node_modules\router\index.js:342:13)
    at C:\Users\ignaciop\Desktop\sga3\Servicio-de-Gestion-de-Almacenes-master\backend\node_modules\router\index.js:297:9
    at processParams (C:\Users\ignaciop\Desktop\sga3\Servicio-de-Gestion-de-Almacenes-master\backend\node_modules\router\index.js:582:12)
    at next (C:\Users\ignaciop\Desktop\sga3\Servicio-de-Gestion-de-Almacenes-master\backend\node_modules\router\index.js:291:5)
    at router.handle (C:\Users\ignaciop\Desktop\sga3\Servicio-de-Gestion-de-Almacenes-master\backend\node_modules\router\index.js:186:3)
Error: Origen http://localhost:3010 no permitido por CORS
    at origin (C:\Users\ignaciop\Desktop\sga3\Servicio-de-Gestion-de-Almacenes-master\backend\middlewares\cors.js:13:25)
    at C:\Users\ignaciop\Desktop\sga3\Servicio-de-Gestion-de-Almacenes-master\backend\node_modules\cors\lib\index.js:219:13
    at optionsCallback (C:\Users\ignaciop\Desktop\sga3\Servicio-de-Gestion-de-Almacenes-master\backend\node_modules\cors\lib\index.js:199:9)
    at corsMiddleware (C:\Users\ignaciop\Desktop\sga3\Servicio-de-Gestion-de-Almacenes-master\backend\node_modules\cors\lib\index.js:204:7)
    at Layer.handleRequest (C:\Users\ignaciop\Desktop\sga3\Servicio-de-Gestion-de-Almacenes-master\backend\node_modules\router\lib\layer.js:152:17)
    at trimPrefix (C:\Users\ignaciop\Desktop\sga3\Servicio-de-Gestion-de-Almacenes-master\backend\node_modules\router\index.js:342:13)
    at C:\Users\ignaciop\Desktop\sga3\Servicio-de-Gestion-de-Almacenes-master\backend\node_modules\router\index.js:297:9
    at processParams (C:\Users\ignaciop\Desktop\sga3\Servicio-de-Gestion-de-Almacenes-master\backend\node_modules\router\index.js:582:12)
    at next (C:\Users\ignaciop\Desktop\sga3\Servicio-de-Gestion-de-Almacenes-master\backend\node_modules\router\index.js:291:5)
    at router.handle (C:\Users\ignaciop\Desktop\sga3\Servicio-de-Gestion-de-Almacenes-master\backend\node_modules\router\index.js:186:3)
[ERROR EMPRESAS] TimeoutError: operation timed out for an unknown reason
    at C:\Users\ignaciop\Desktop\sga3\Servicio-de-Gestion-de-Almacenes-master\backend\node_modules\tarn\dist\PendingOperation.js:17:27
[ERROR EMPRESAS] TimeoutError: operation timed out for an unknown reason
    at C:\Users\ignaciop\Desktop\sga3\Servicio-de-Gestion-de-Almacenes-master\backend\node_modules\tarn\dist\PendingOperation.js:17:27
    at runNextTicks (node:internal/process/task_queues:64:5)
    at listOnTimeout (node:internal/timers:567:9)
    at process.processTimers (node:internal/timers:541:7)
[ERROR ALBARANES ASIGNACION] TimeoutError: operation timed out for an unknown reason
    at C:\Users\ignaciop\Desktop\sga3\Servicio-de-Gestion-de-Almacenes-master\backend\node_modules\tarn\dist\PendingOperation.js:17:27
[ERROR OBTENER REPARTIDORES] TimeoutError: operation timed out for an unknown reason
    at C:\Users\ignaciop\Desktop\sga3\Servicio-de-Gestion-de-Almacenes-master\backend\node_modules\tarn\dist\PendingOperation.js:17:27
[ERROR STOCK TOTAL COMPLETO] TimeoutError: operation timed out for an unknown reason
    at C:\Users\ignaciop\Desktop\sga3\Servicio-de-Gestion-de-Almacenes-master\backend\node_modules\tarn\dist\PendingOperation.js:17:27
[ERROR PEDIDOS COMPRA] TimeoutError: operation timed out for an unknown reason
    at C:\Users\ignaciop\Desktop\sga3\Servicio-de-Gestion-de-Almacenes-master\backend\node_modules\tarn\dist\PendingOperation.js:17:27
[ERROR ALBARANES ASIGNACION] TimeoutError: operation timed out for an unknown reason
    at C:\Users\ignaciop\Desktop\sga3\Servicio-de-Gestion-de-Almacenes-master\backend\node_modules\tarn\dist\PendingOperation.js:17:27
[ERROR EMPRESAS] TimeoutError: operation timed out for an unknown reason
    at C:\Users\ignaciop\Desktop\sga3\Servicio-de-Gestion-de-Almacenes-master\backend\node_modules\tarn\dist\PendingOperation.js:17:27
    at runNextTicks (node:internal/process/task_queues:64:5)
    at listOnTimeout (node:internal/timers:567:9)
    at process.processTimers (node:internal/timers:541:7)
[ERROR STOCK TOTAL COMPLETO] TimeoutError: operation timed out for an unknown reason
    at C:\Users\ignaciop\Desktop\sga3\Servicio-de-Gestion-de-Almacenes-master\backend\node_modules\tarn\dist\PendingOperation.js:17:27
[ERROR PEDIDOS COMPRA] TimeoutError: operation timed out for an unknown reason
    at C:\Users\ignaciop\Desktop\sga3\Servicio-de-Gestion-de-Almacenes-master\backend\node_modules\tarn\dist\PendingOperation.js:17:27
[ERROR EMPRESAS] TimeoutError: operation timed out for an unknown reason
    at C:\Users\ignaciop\Desktop\sga3\Servicio-de-Gestion-de-Almacenes-master\backend\node_modules\tarn\dist\PendingOperation.js:17:27
